<?xml version="1.0" encoding="UTF-8"?>
<!-- Generated by org.testng.reporters.JUnitReportReporter -->
<testsuite skipped="0" hostname="Mouneesh-PC" name="org.testleaf.qa.testcases.DuplicateLeadTestCases" tests="2" failures="0" timestamp="2019-11-04T23:22:24 IST" time="46.815" errors="0">
  <testcase name="runDuplicateLeadTestCases" time="24.770" classname="org.testleaf.qa.testcases.DuplicateLeadTestCases"/>
  <testcase name="runDuplicateLeadTestCases" time="22.045" classname="org.testleaf.qa.testcases.DuplicateLeadTestCases"/>
</testsuite> <!-- org.testleaf.qa.testcases.DuplicateLeadTestCases -->
