<?xml version="1.0" encoding="UTF-8"?>
<!-- Generated by org.testng.reporters.JUnitReportReporter -->
<testsuite skipped="0" hostname="Mouneesh-PC" name="runner.EditLeadRunner" tests="4" failures="0" timestamp="2019-11-14T08:50:38 IST" time="98.598" errors="0">
  <testcase name="runScenario" time="24.300" classname="runner.EditLeadRunner"/>
  <testcase name="runScenario" time="24.413" classname="runner.EditLeadRunner"/>
  <testcase name="runScenario" time="25.600" classname="runner.EditLeadRunner"/>
  <testcase name="runScenario" time="24.285" classname="runner.EditLeadRunner"/>
</testsuite> <!-- runner.EditLeadRunner -->
