<?xml version="1.0" encoding="UTF-8"?>
<!-- Generated by org.testng.reporters.JUnitReportReporter -->
<testsuite skipped="0" hostname="Mouneesh-PC" name="runner.EditLeadRunner" tests="4" failures="0" timestamp="2019-11-12T23:36:44 IST" time="95.043" errors="0">
  <testcase name="runScenario" time="22.008" classname="runner.EditLeadRunner"/>
  <testcase name="runScenario" time="25.227" classname="runner.EditLeadRunner"/>
  <testcase name="runScenario" time="23.023" classname="runner.EditLeadRunner"/>
  <testcase name="runScenario" time="24.785" classname="runner.EditLeadRunner"/>
</testsuite> <!-- runner.EditLeadRunner -->
