<?xml version="1.0" encoding="UTF-8"?>
<!-- Generated by org.testng.reporters.JUnitReportReporter -->
<testsuite skipped="0" hostname="Mouneesh-PC" name="runner.DeleteLeadRunner" tests="2" failures="0" timestamp="2019-11-14T22:30:34 IST" time="58.407" errors="0">
  <testcase name="runScenario" time="30.506" classname="runner.DeleteLeadRunner"/>
  <testcase name="runScenario" time="27.901" classname="runner.DeleteLeadRunner"/>
</testsuite> <!-- runner.DeleteLeadRunner -->
