<?xml version="1.0" encoding="UTF-8"?>
<!-- Generated by org.testng.reporters.JUnitReportReporter -->
<testsuite skipped="0" hostname="Mouneesh-PC" name="runner.EditLeadRunner" tests="4" failures="0" timestamp="2019-11-14T21:46:12 IST" time="114.074" errors="0">
  <testcase name="runScenario" time="37.473" classname="runner.EditLeadRunner"/>
  <testcase name="runScenario" time="24.301" classname="runner.EditLeadRunner"/>
  <testcase name="runScenario" time="25.928" classname="runner.EditLeadRunner"/>
  <testcase name="runScenario" time="26.372" classname="runner.EditLeadRunner"/>
</testsuite> <!-- runner.EditLeadRunner -->
