<?xml version="1.0" encoding="UTF-8"?>
<!-- Generated by org.testng.reporters.JUnitReportReporter -->
<testsuite skipped="0" hostname="Mouneesh-PC" name="runner.DeleteLeadRunner" tests="1" failures="0" timestamp="2019-11-16T23:18:29 IST" time="30.454" errors="0">
  <testcase name="runScenario" time="30.454" classname="runner.DeleteLeadRunner"/>
</testsuite> <!-- runner.DeleteLeadRunner -->
