<?xml version="1.0" encoding="UTF-8"?>
<!-- Generated by org.testng.reporters.JUnitReportReporter -->
<testsuite skipped="0" hostname="Mouneesh-PC" name="runner.DuplicateLeadRunner" tests="2" failures="0" timestamp="2019-11-14T08:50:38 IST" time="52.279" errors="0">
  <testcase name="runScenario" time="27.617" classname="runner.DuplicateLeadRunner"/>
  <testcase name="runScenario" time="24.662" classname="runner.DuplicateLeadRunner"/>
</testsuite> <!-- runner.DuplicateLeadRunner -->
