<?xml version="1.0" encoding="UTF-8"?>
<!-- Generated by org.testng.reporters.JUnitReportReporter -->
<testsuite skipped="0" hostname="Mouneesh-PC" name="runner.DuplicateLeadRunner" tests="2" failures="0" timestamp="2019-11-15T21:47:51 IST" time="59.328" errors="0">
  <testcase name="runScenario" time="25.784" classname="runner.DuplicateLeadRunner"/>
  <testcase name="runScenario" time="33.544" classname="runner.DuplicateLeadRunner"/>
</testsuite> <!-- runner.DuplicateLeadRunner -->
