<?xml version="1.0" encoding="UTF-8"?>
<!-- Generated by org.testng.reporters.JUnitReportReporter -->
<testsuite skipped="0" hostname="Mouneesh-PC" name="runner.CreateLeadRunner" tests="4" failures="0" timestamp="2019-11-14T21:58:58 IST" time="80.404" errors="0">
  <testcase name="runScenario" time="18.737" classname="runner.CreateLeadRunner"/>
  <testcase name="runScenario" time="22.551" classname="runner.CreateLeadRunner"/>
  <testcase name="runScenario" time="20.774" classname="runner.CreateLeadRunner"/>
  <testcase name="runScenario" time="18.342" classname="runner.CreateLeadRunner"/>
</testsuite> <!-- runner.CreateLeadRunner -->
