<?xml version="1.0" encoding="UTF-8"?>
<!-- Generated by org.testng.reporters.JUnitReportReporter -->
<testsuite skipped="0" hostname="Mouneesh-PC" name="runner.DuplicateLeadRunner" tests="2" failures="0" timestamp="2019-11-14T21:50:21 IST" time="64.386" errors="0">
  <testcase name="runScenario" time="27.559" classname="runner.DuplicateLeadRunner"/>
  <testcase name="runScenario" time="36.827" classname="runner.DuplicateLeadRunner"/>
</testsuite> <!-- runner.DuplicateLeadRunner -->
