<?xml version="1.0" encoding="UTF-8"?>
<!-- Generated by org.testng.reporters.JUnitReportReporter -->
<testsuite skipped="0" hostname="Mouneesh-PC" name="runner.DeleteLeadRunner" tests="2" failures="0" timestamp="2019-11-14T08:50:38 IST" time="50.256" errors="0">
  <testcase name="runScenario" time="24.906" classname="runner.DeleteLeadRunner"/>
  <testcase name="runScenario" time="25.350" classname="runner.DeleteLeadRunner"/>
</testsuite> <!-- runner.DeleteLeadRunner -->
