<?xml version="1.0" encoding="UTF-8"?>
<!-- Generated by org.testng.reporters.JUnitReportReporter -->
<testsuite skipped="0" hostname="Mouneesh-PC" name="runner.DeleteLeadRunner" tests="2" failures="0" timestamp="2019-11-13T23:48:54 IST" time="51.891" errors="0">
  <testcase name="runScenario" time="27.209" classname="runner.DeleteLeadRunner"/>
  <testcase name="runScenario" time="24.682" classname="runner.DeleteLeadRunner"/>
</testsuite> <!-- runner.DeleteLeadRunner -->
