<?xml version="1.0" encoding="UTF-8"?>
<!-- Generated by org.testng.reporters.JUnitReportReporter -->
<testsuite skipped="0" hostname="Mouneesh-PC" name="runner.EditLeadRunner" tests="4" failures="0" timestamp="2019-11-14T21:58:58 IST" time="108.775" errors="0">
  <testcase name="runScenario" time="27.844" classname="runner.EditLeadRunner"/>
  <testcase name="runScenario" time="28.586" classname="runner.EditLeadRunner"/>
  <testcase name="runScenario" time="26.071" classname="runner.EditLeadRunner"/>
  <testcase name="runScenario" time="26.274" classname="runner.EditLeadRunner"/>
</testsuite> <!-- runner.EditLeadRunner -->
