<?xml version="1.0" encoding="UTF-8"?>
<!-- Generated by org.testng.reporters.JUnitReportReporter -->
<testsuite skipped="0" hostname="Mouneesh-PC" name="runner.DeleteLeadRunner" tests="2" failures="0" timestamp="2019-11-14T21:46:12 IST" time="54.225" errors="0">
  <testcase name="runScenario" time="27.132" classname="runner.DeleteLeadRunner"/>
  <testcase name="runScenario" time="27.093" classname="runner.DeleteLeadRunner"/>
</testsuite> <!-- runner.DeleteLeadRunner -->
