<?xml version="1.0" encoding="UTF-8"?>
<!-- Generated by org.testng.reporters.JUnitReportReporter -->
<testsuite skipped="0" hostname="Mouneesh-PC" name="runner.CreateLeadRunner" tests="2" failures="0" timestamp="2019-11-12T21:47:05 IST" time="47.495" errors="0">
  <testcase name="runScenario" time="20.232" classname="runner.CreateLeadRunner"/>
  <testcase name="runScenario" time="27.263" classname="runner.CreateLeadRunner"/>
</testsuite> <!-- runner.CreateLeadRunner -->
