<?xml version="1.0" encoding="UTF-8"?>
<!-- Generated by org.testng.reporters.JUnitReportReporter -->
<testsuite skipped="0" hostname="Mouneesh-PC" name="org.testleaf.qa.testcases.DeleteLeadTestCases" tests="1" failures="0" timestamp="2019-11-04T23:22:24 IST" time="24.423" errors="0">
  <testcase name="runDeleteLeadTestCases" time="24.423" classname="org.testleaf.qa.testcases.DeleteLeadTestCases"/>
</testsuite> <!-- org.testleaf.qa.testcases.DeleteLeadTestCases -->
