<?xml version="1.0" encoding="UTF-8"?>
<!-- Generated by org.testng.reporters.JUnitReportReporter -->
<testsuite skipped="0" hostname="Mouneesh-PC" name="runner.DuplicateLeadRunner" tests="2" failures="0" timestamp="2019-11-16T23:04:45 IST" time="52.754" errors="0">
  <testcase name="runScenario" time="24.574" classname="runner.DuplicateLeadRunner"/>
  <testcase name="runScenario" time="28.180" classname="runner.DuplicateLeadRunner"/>
</testsuite> <!-- runner.DuplicateLeadRunner -->
