<?xml version="1.0" encoding="UTF-8"?>
<!-- Generated by org.testng.reporters.JUnitReportReporter -->
<testsuite skipped="0" hostname="Mouneesh-PC" name="runner.CreateLeadRunner" tests="4" failures="0" timestamp="2019-11-14T21:46:12 IST" time="91.401" errors="0">
  <testcase name="runScenario" time="20.653" classname="runner.CreateLeadRunner"/>
  <testcase name="runScenario" time="23.003" classname="runner.CreateLeadRunner"/>
  <testcase name="runScenario" time="19.681" classname="runner.CreateLeadRunner"/>
  <testcase name="runScenario" time="28.064" classname="runner.CreateLeadRunner"/>
</testsuite> <!-- runner.CreateLeadRunner -->
