<?xml version="1.0" encoding="UTF-8"?>
<!-- Generated by org.testng.reporters.JUnitReportReporter -->
<testsuite skipped="0" hostname="Mouneesh-PC" name="org.testleaf.qa.testcases.EditLeadTestCases" tests="2" failures="0" timestamp="2019-11-04T23:22:24 IST" time="49.936" errors="0">
  <testcase name="runEditLeadTestCases" time="25.756" classname="org.testleaf.qa.testcases.EditLeadTestCases"/>
  <testcase name="runEditLeadTestCases" time="24.180" classname="org.testleaf.qa.testcases.EditLeadTestCases"/>
</testsuite> <!-- org.testleaf.qa.testcases.EditLeadTestCases -->
