<?xml version="1.0" encoding="UTF-8"?>
<!-- Generated by org.testng.reporters.JUnitReportReporter -->
<testsuite skipped="0" hostname="Mouneesh-PC" name="runner.DuplicateLeadRunner" tests="2" failures="0" timestamp="2019-11-14T21:58:58 IST" time="52.808" errors="0">
  <testcase name="runScenario" time="25.633" classname="runner.DuplicateLeadRunner"/>
  <testcase name="runScenario" time="27.175" classname="runner.DuplicateLeadRunner"/>
</testsuite> <!-- runner.DuplicateLeadRunner -->
