<?xml version="1.0" encoding="UTF-8"?>
<!-- Generated by org.testng.reporters.JUnitReportReporter -->
<testsuite skipped="0" hostname="Mouneesh-PC" name="runner.CreateLeadRunner" tests="4" failures="0" timestamp="2019-11-12T22:55:45 IST" time="87.988" errors="0">
  <testcase name="runScenario" time="20.791" classname="runner.CreateLeadRunner"/>
  <testcase name="runScenario" time="18.939" classname="runner.CreateLeadRunner"/>
  <testcase name="runScenario" time="19.063" classname="runner.CreateLeadRunner"/>
  <testcase name="runScenario" time="29.195" classname="runner.CreateLeadRunner"/>
</testsuite> <!-- runner.CreateLeadRunner -->
