<?xml version="1.0" encoding="UTF-8"?>
<!-- Generated by org.testng.reporters.JUnitReportReporter -->
<testsuite skipped="0" hostname="Mouneesh-PC" name="runner.CreateLeadRunner" tests="4" failures="0" timestamp="2019-11-14T08:50:38 IST" time="85.215" errors="0">
  <testcase name="runScenario" time="21.243" classname="runner.CreateLeadRunner"/>
  <testcase name="runScenario" time="18.742" classname="runner.CreateLeadRunner"/>
  <testcase name="runScenario" time="24.703" classname="runner.CreateLeadRunner"/>
  <testcase name="runScenario" time="20.527" classname="runner.CreateLeadRunner"/>
</testsuite> <!-- runner.CreateLeadRunner -->
