<?xml version="1.0" encoding="UTF-8"?>
<!-- Generated by org.testng.reporters.JUnitReportReporter -->
<testsuite skipped="0" hostname="Mouneesh-PC" name="org.testleaf.qa.testcases.CreateLeadTestCases" tests="2" failures="0" timestamp="2019-11-09T22:45:19 IST" time="50.562" errors="0">
  <testcase name="runCreateLeadTestCases" time="28.576" classname="org.testleaf.qa.testcases.CreateLeadTestCases"/>
  <testcase name="runCreateLeadTestCases" time="21.986" classname="org.testleaf.qa.testcases.CreateLeadTestCases"/>
</testsuite> <!-- org.testleaf.qa.testcases.CreateLeadTestCases -->
