<?xml version="1.0" encoding="UTF-8"?>
<!-- Generated by org.testng.reporters.JUnitReportReporter -->
<testsuite skipped="0" hostname="Mouneesh-PC" name="runner.MergeLeadRunner" tests="1" failures="0" timestamp="2019-11-14T21:58:58 IST" time="31.923" errors="0">
  <testcase name="runScenario" time="31.923" classname="runner.MergeLeadRunner"/>
</testsuite> <!-- runner.MergeLeadRunner -->
