<?xml version="1.0" encoding="UTF-8"?>
<!-- Generated by org.testng.reporters.JUnitReportReporter -->
<testsuite skipped="0" hostname="Mouneesh-PC" name="runner.DuplicateLeadRunner" tests="2" failures="0" timestamp="2019-11-13T21:50:34 IST" time="60.038" errors="0">
  <testcase name="runScenario" time="33.698" classname="runner.DuplicateLeadRunner"/>
  <testcase name="runScenario" time="26.340" classname="runner.DuplicateLeadRunner"/>
</testsuite> <!-- runner.DuplicateLeadRunner -->
